<?xml version="1.0" encoding="UTF-8"?>
<!-- Generated by org.testng.reporters.JUnitReportReporter -->
<testsuite hostname="DESKTOP-VD9DIQK" failures="0" tests="1" name="projectfour.MyTest" time="8.765" errors="0" timestamp="2024-07-22T20:01:09 IST" skipped="0">
  <testcase classname="projectfour.MyTest" name="verifyTitle" time="8.765"/>
</testsuite> <!-- projectfour.MyTest -->
